# JRE version: OpenJDK Runtime Environment (8.0_202-b03) (build 1.8.0_202-release-1483-b03)
# Java VM: OpenJDK 64-Bit Server VM (25.202-b03 mixed mode windows-amd64 compressed oops)
Heap:
 PSYoungGen      total 111104K, used 42245K [0x00000000e0000000, 0x00000000ea180000, 0x0000000100000000)
  eden space 102400K, 41% used [0x00000000e0000000,0x00000000e29416e8,0x00000000e6400000)
  from space 8704K, 0% used [0x00000000e9900000,0x00000000e9900000,0x00000000ea180000)
  to   space 8192K, 0% used [0x00000000e6400000,0x00000000e6400000,0x00000000e6c00000)
 ParOldGen       total 28672K, used 15344K [0x00000000a0000000, 0x00000000a1c00000, 0x00000000e0000000)
  object space 28672K, 53% used [0x00000000a0000000,0x00000000a0efc1e0,0x00000000a1c00000)
 Metaspace       used 40654K, capacity 41396K, committed 41856K, reserved 1085440K
  class space    used 5490K, capacity 5726K, committed 5760K, reserved 1048576K
GC Heap History (10 events):
Event: 36.791 GC heap before
{Heap before GC invocations=10 (full 1):
 PSYoungGen      total 72192K, used 4026K [0x00000000e0000000, 0x00000000e7400000, 0x0000000100000000)
  eden space 65024K, 0% used [0x00000000e0000000,0x00000000e0000000,0x00000000e3f80000)
  from space 7168K, 56% used [0x00000000e3f80000,0x00000000e436eb38,0x00000000e4680000)
  to   space 7168K, 0% used [0x00000000e6d00000,0x00000000e6d00000,0x00000000e7400000)
 ParOldGen       total 44032K, used 7712K [0x00000000a0000000, 0x00000000a2b00000, 0x00000000e0000000)
  object space 44032K, 17% used [0x00000000a0000000,0x00000000a0788340,0x00000000a2b00000)
 Metaspace       used 20649K, capacity 21024K, committed 21296K, reserved 1067008K
  class space    used 2910K, capacity 3098K, committed 3200K, reserved 1048576K
Event: 36.911 GC heap after
Heap after GC invocations=10 (full 1):
 PSYoungGen      total 72192K, used 0K [0x00000000e0000000, 0x00000000e7400000, 0x0000000100000000)
  eden space 65024K, 0% used [0x00000000e0000000,0x00000000e0000000,0x00000000e3f80000)
  from space 7168K, 0% used [0x00000000e3f80000,0x00000000e3f80000,0x00000000e4680000)
  to   space 7168K, 0% used [0x00000000e6d00000,0x00000000e6d00000,0x00000000e7400000)
 ParOldGen       total 28672K, used 7939K [0x00000000a0000000, 0x00000000a1c00000, 0x00000000e0000000)
  object space 28672K, 27% used [0x00000000a0000000,0x00000000a07c0d00,0x00000000a1c00000)
 Metaspace       used 20649K, capacity 21024K, committed 21296K, reserved 1067008K
  class space    used 2910K, capacity 3098K, committed 3200K, reserved 1048576K
}
Event: 40.131 GC heap before
{Heap before GC invocations=11 (full 1):
 PSYoungGen      total 72192K, used 65024K [0x00000000e0000000, 0x00000000e7400000, 0x0000000100000000)
  eden space 65024K, 100% used [0x00000000e0000000,0x00000000e3f80000,0x00000000e3f80000)
  from space 7168K, 0% used [0x00000000e3f80000,0x00000000e3f80000,0x00000000e4680000)
  to   space 7168K, 0% used [0x00000000e6d00000,0x00000000e6d00000,0x00000000e7400000)
 ParOldGen       total 28672K, used 7939K [0x00000000a0000000, 0x00000000a1c00000, 0x00000000e0000000)
  object space 28672K, 27% used [0x00000000a0000000,0x00000000a07c0d00,0x00000000a1c00000)
 Metaspace       used 28623K, capacity 29050K, committed 29440K, reserved 1075200K
  class space    used 3855K, capacity 4013K, committed 4096K, reserved 1048576K
Event: 40.145 GC heap after
Heap after GC invocations=11 (full 1):
 PSYoungGen      total 105984K, used 7163K [0x00000000e0000000, 0x00000000e7400000, 0x0000000100000000)
  eden space 98816K, 0% used [0x00000000e0000000,0x00000000e0000000,0x00000000e6080000)
  from space 7168K, 99% used [0x00000000e6d00000,0x00000000e73fee90,0x00000000e7400000)
  to   space 8192K, 0% used [0x00000000e6400000,0x00000000e6400000,0x00000000e6c00000)
 ParOldGen       total 28672K, used 8551K [0x00000000a0000000, 0x00000000a1c00000, 0x00000000e0000000)
  object space 28672K, 29% used [0x00000000a0000000,0x00000000a0859d50,0x00000000a1c00000)
 Metaspace       used 28623K, capacity 29050K, committed 29440K, reserved 1075200K
  class space    used 3855K, capacity 4013K, committed 4096K, reserved 1048576K
}
Event: 43.052 GC heap before
{Heap before GC invocations=12 (full 1):
 PSYoungGen      total 105984K, used 105979K [0x00000000e0000000, 0x00000000e7400000, 0x0000000100000000)
  eden space 98816K, 100% used [0x00000000e0000000,0x00000000e6080000,0x00000000e6080000)
  from space 7168K, 99% used [0x00000000e6d00000,0x00000000e73fee90,0x00000000e7400000)
  to   space 8192K, 0% used [0x00000000e6400000,0x00000000e6400000,0x00000000e6c00000)
 ParOldGen       total 28672K, used 8551K [0x00000000a0000000, 0x00000000a1c00000, 0x00000000e0000000)
  object space 28672K, 29% used [0x00000000a0000000,0x00000000a0859d50,0x00000000a1c00000)
 Metaspace       used 33857K, capacity 34384K, committed 34816K, reserved 1079296K
  class space    used 4656K, capacity 4819K, committed 4864K, reserved 1048576K
Event: 43.074 GC heap after
Heap after GC invocations=12 (full 1):
 PSYoungGen      total 110592K, used 7864K [0x00000000e0000000, 0x00000000ea180000, 0x0000000100000000)
  eden space 102400K, 0% used [0x00000000e0000000,0x00000000e0000000,0x00000000e6400000)
  from space 8192K, 95% used [0x00000000e6400000,0x00000000e6bae140,0x00000000e6c00000)
  to   space 8704K, 0% used [0x00000000e9900000,0x00000000e9900000,0x00000000ea180000)
 ParOldGen       total 28672K, used 11779K [0x00000000a0000000, 0x00000000a1c00000, 0x00000000e0000000)
  object space 28672K, 41% used [0x00000000a0000000,0x00000000a0b80d70,0x00000000a1c00000)
 Metaspace       used 33857K, capacity 34384K, committed 34816K, reserved 1079296K
  class space    used 4656K, capacity 4819K, committed 4864K, reserved 1048576K
}
Event: 44.251 GC heap before
{Heap before GC invocations=13 (full 1):
 PSYoungGen      total 110592K, used 26701K [0x00000000e0000000, 0x00000000ea180000, 0x0000000100000000)
  eden space 102400K, 18% used [0x00000000e0000000,0x00000000e12653d8,0x00000000e6400000)
  from space 8192K, 95% used [0x00000000e6400000,0x00000000e6bae140,0x00000000e6c00000)
  to   space 8704K, 0% used [0x00000000e9900000,0x00000000e9900000,0x00000000ea180000)
 ParOldGen       total 28672K, used 11779K [0x00000000a0000000, 0x00000000a1c00000, 0x00000000e0000000)
  object space 28672K, 41% used [0x00000000a0000000,0x00000000a0b80d70,0x00000000a1c00000)
 Metaspace       used 34581K, capacity 35248K, committed 35456K, reserved 1079296K
  class space    used 4753K, capacity 4937K, committed 4992K, reserved 1048576K
Event: 44.262 GC heap after
Heap after GC invocations=13 (full 1):
 PSYoungGen      total 111104K, used 2534K [0x00000000e0000000, 0x00000000ea180000, 0x0000000100000000)
  eden space 102400K, 0% used [0x00000000e0000000,0x00000000e0000000,0x00000000e6400000)
  from space 8704K, 29% used [0x00000000e9900000,0x00000000e9b798f8,0x00000000ea180000)
  to   space 8192K, 0% used [0x00000000e6400000,0x00000000e6400000,0x00000000e6c00000)
 ParOldGen       total 28672K, used 14642K [0x00000000a0000000, 0x00000000a1c00000, 0x00000000e0000000)
  object space 28672K, 51% used [0x00000000a0000000,0x00000000a0e4c938,0x00000000a1c00000)
 Metaspace       used 34581K, capacity 35248K, committed 35456K, reserved 1079296K
  class space    used 4753K, capacity 4937K, committed 4992K, reserved 1048576K
}
Event: 44.262 GC heap before
{Heap before GC invocations=14 (full 2):
 PSYoungGen      total 111104K, used 2534K [0x00000000e0000000, 0x00000000ea180000, 0x0000000100000000)
  eden space 102400K, 0% used [0x00000000e0000000,0x00000000e0000000,0x00000000e6400000)
  from space 8704K, 29% used [0x00000000e9900000,0x00000000e9b798f8,0x00000000ea180000)
  to   space 8192K, 0% used [0x00000000e6400000,0x00000000e6400000,0x00000000e6c00000)
 ParOldGen       total 28672K, used 14642K [0x00000000a0000000, 0x00000000a1c00000, 0x00000000e0000000)
  object space 28672K, 51% used [0x00000000a0000000,0x00000000a0e4c938,0x00000000a1c00000)
 Metaspace       used 34581K, capacity 35248K, committed 35456K, reserved 1079296K
  class space    used 4753K, capacity 4937K, committed 4992K, reserved 1048576K
Event: 44.390 GC heap after
Heap after GC invocations=14 (full 2):
 PSYoungGen      total 111104K, used 0K [0x00000000e0000000, 0x00000000ea180000, 0x0000000100000000)
  eden space 102400K, 0% used [0x00000000e0000000,0x00000000e0000000,0x00000000e6400000)
  from space 8704K, 0% used [0x00000000e9900000,0x00000000e9900000,0x00000000ea180000)
  to   space 8192K, 0% used [0x00000000e6400000,0x00000000e6400000,0x00000000e6c00000)
 ParOldGen       total 28672K, used 15344K [0x00000000a0000000, 0x00000000a1c00000, 0x00000000e0000000)
  object space 28672K, 53% used [0x00000000a0000000,0x00000000a0efc1e0,0x00000000a1c00000)
 Metaspace       used 34581K, capacity 35248K, committed 35456K, reserved 1079296K
  class space    used 4753K, capacity 4937K, committed 4992K, reserved 1048576K
}

